# JRE version: Java(TM) SE Runtime Environment (8.0_51-b16) (build 1.8.0_51-b16)
# Java VM: Java HotSpot(TM) 64-Bit Server VM (25.51-b03 mixed mode bsd-amd64 compressed oops)
Heap:
 PSYoungGen      total 221696K, used 49815K [0x0000000795580000, 0x00000007a5280000, 0x00000007c0000000)
  eden space 202752K, 24% used [0x0000000795580000,0x0000000798575f60,0x00000007a1b80000)
  from space 18944K, 3% used [0x00000007a4000000,0x00000007a40b0000,0x00000007a5280000)
  to   space 28160K, 0% used [0x00000007a1b80000,0x00000007a1b80000,0x00000007a3700000)
 ParOldGen       total 87552K, used 61232K [0x0000000740000000, 0x0000000745580000, 0x0000000795580000)
  object space 87552K, 69% used [0x0000000740000000,0x0000000743bcc368,0x0000000745580000)
 Metaspace       used 19407K, capacity 19642K, committed 19840K, reserved 1067008K
  class space    used 1804K, capacity 1872K, committed 1920K, reserved 1048576K
GC Heap History (10 events):
Event: 41.440 GC heap before
{Heap before GC invocations=10 (full 0):
 PSYoungGen      total 254976K, used 254611K [0x0000000795580000, 0x00000007a8000000, 0x00000007c0000000)
  eden space 251392K, 100% used [0x0000000795580000,0x00000007a4b00000,0x00000007a4b00000)
  from space 3584K, 89% used [0x00000007a5600000,0x00000007a5924f68,0x00000007a5980000)
  to   space 27136K, 0% used [0x00000007a6580000,0x00000007a6580000,0x00000007a8000000)
 ParOldGen       total 87552K, used 58473K [0x0000000740000000, 0x0000000745580000, 0x0000000795580000)
  object space 87552K, 66% used [0x0000000740000000,0x000000074391a768,0x0000000745580000)
 Metaspace       used 19295K, capacity 19514K, committed 19840K, reserved 1067008K
  class space    used 1793K, capacity 1872K, committed 1920K, reserved 1048576K
Event: 41.443 GC heap after
Heap after GC invocations=10 (full 0):
 PSYoungGen      total 259072K, used 768K [0x0000000795580000, 0x00000007a7780000, 0x00000007c0000000)
  eden space 240640K, 0% used [0x0000000795580000,0x0000000795580000,0x00000007a4080000)
  from space 18432K, 4% used [0x00000007a6580000,0x00000007a6640000,0x00000007a7780000)
  to   space 28160K, 0% used [0x00000007a4080000,0x00000007a4080000,0x00000007a5c00000)
 ParOldGen       total 87552K, used 61048K [0x0000000740000000, 0x0000000745580000, 0x0000000795580000)
  object space 87552K, 69% used [0x0000000740000000,0x0000000743b9e368,0x0000000745580000)
 Metaspace       used 19295K, capacity 19514K, committed 19840K, reserved 1067008K
  class space    used 1793K, capacity 1872K, committed 1920K, reserved 1048576K
}
Event: 51.598 GC heap before
{Heap before GC invocations=11 (full 0):
 PSYoungGen      total 259072K, used 241408K [0x0000000795580000, 0x00000007a7780000, 0x00000007c0000000)
  eden space 240640K, 100% used [0x0000000795580000,0x00000007a4080000,0x00000007a4080000)
  from space 18432K, 4% used [0x00000007a6580000,0x00000007a6640000,0x00000007a7780000)
  to   space 28160K, 0% used [0x00000007a4080000,0x00000007a4080000,0x00000007a5c00000)
 ParOldGen       total 87552K, used 61048K [0x0000000740000000, 0x0000000745580000, 0x0000000795580000)
  object space 87552K, 69% used [0x0000000740000000,0x0000000743b9e368,0x0000000745580000)
 Metaspace       used 19298K, capacity 19514K, committed 19840K, reserved 1067008K
  class space    used 1793K, capacity 1872K, committed 1920K, reserved 1048576K
Event: 51.600 GC heap after
Heap after GC invocations=11 (full 0):
 PSYoungGen      total 231424K, used 704K [0x0000000795580000, 0x00000007a6e80000, 0x00000007c0000000)
  eden space 230400K, 0% used [0x0000000795580000,0x0000000795580000,0x00000007a3680000)
  from space 1024K, 68% used [0x00000007a4080000,0x00000007a4130000,0x00000007a4180000)
  to   space 28672K, 0% used [0x00000007a5280000,0x00000007a5280000,0x00000007a6e80000)
 ParOldGen       total 87552K, used 61120K [0x0000000740000000, 0x0000000745580000, 0x0000000795580000)
  object space 87552K, 69% used [0x0000000740000000,0x0000000743bb0368,0x0000000745580000)
 Metaspace       used 19298K, capacity 19514K, committed 19840K, reserved 1067008K
  class space    used 1793K, capacity 1872K, committed 1920K, reserved 1048576K
}
Event: 61.227 GC heap before
{Heap before GC invocations=12 (full 0):
 PSYoungGen      total 231424K, used 231104K [0x0000000795580000, 0x00000007a6e80000, 0x00000007c0000000)
  eden space 230400K, 100% used [0x0000000795580000,0x00000007a3680000,0x00000007a3680000)
  from space 1024K, 68% used [0x00000007a4080000,0x00000007a4130000,0x00000007a4180000)
  to   space 28672K, 0% used [0x00000007a5280000,0x00000007a5280000,0x00000007a6e80000)
 ParOldGen       total 87552K, used 61120K [0x0000000740000000, 0x0000000745580000, 0x0000000795580000)
  object space 87552K, 69% used [0x0000000740000000,0x0000000743bb0368,0x0000000745580000)
 Metaspace       used 19300K, capacity 19514K, committed 19840K, reserved 1067008K
  class space    used 1793K, capacity 1872K, committed 1920K, reserved 1048576K
Event: 61.230 GC heap after
Heap after GC invocations=12 (full 0):
 PSYoungGen      total 239616K, used 704K [0x0000000795580000, 0x00000007a6500000, 0x00000007c0000000)
  eden space 220672K, 0% used [0x0000000795580000,0x0000000795580000,0x00000007a2d00000)
  from space 18944K, 3% used [0x00000007a5280000,0x00000007a5330000,0x00000007a6500000)
  to   space 28672K, 0% used [0x00000007a2d00000,0x00000007a2d00000,0x00000007a4900000)
 ParOldGen       total 87552K, used 61128K [0x0000000740000000, 0x0000000745580000, 0x0000000795580000)
  object space 87552K, 69% used [0x0000000740000000,0x0000000743bb2368,0x0000000745580000)
 Metaspace       used 19300K, capacity 19514K, committed 19840K, reserved 1067008K
  class space    used 1793K, capacity 1872K, committed 1920K, reserved 1048576K
}
Event: 70.325 GC heap before
{Heap before GC invocations=13 (full 0):
 PSYoungGen      total 239616K, used 221376K [0x0000000795580000, 0x00000007a6500000, 0x00000007c0000000)
  eden space 220672K, 100% used [0x0000000795580000,0x00000007a2d00000,0x00000007a2d00000)
  from space 18944K, 3% used [0x00000007a5280000,0x00000007a5330000,0x00000007a6500000)
  to   space 28672K, 0% used [0x00000007a2d00000,0x00000007a2d00000,0x00000007a4900000)
 ParOldGen       total 87552K, used 61128K [0x0000000740000000, 0x0000000745580000, 0x0000000795580000)
  object space 87552K, 69% used [0x0000000740000000,0x0000000743bb2368,0x0000000745580000)
 Metaspace       used 19322K, capacity 19578K, committed 19840K, reserved 1067008K
  class space    used 1793K, capacity 1872K, committed 1920K, reserved 1048576K
Event: 70.328 GC heap after
Heap after GC invocations=13 (full 0):
 PSYoungGen      total 212480K, used 736K [0x0000000795580000, 0x00000007a5c00000, 0x00000007c0000000)
  eden space 211456K, 0% used [0x0000000795580000,0x0000000795580000,0x00000007a2400000)
  from space 1024K, 71% used [0x00000007a2d00000,0x00000007a2db8000,0x00000007a2e00000)
  to   space 28672K, 0% used [0x00000007a4000000,0x00000007a4000000,0x00000007a5c00000)
 ParOldGen       total 87552K, used 61160K [0x0000000740000000, 0x0000000745580000, 0x0000000795580000)
  object space 87552K, 69% used [0x0000000740000000,0x0000000743bba368,0x0000000745580000)
 Metaspace       used 19322K, capacity 19578K, committed 19840K, reserved 1067008K
  class space    used 1793K, capacity 1872K, committed 1920K, reserved 1048576K
}
Event: 84.588 GC heap before
{Heap before GC invocations=14 (full 0):
 PSYoungGen      total 212480K, used 212188K [0x0000000795580000, 0x00000007a5c00000, 0x00000007c0000000)
  eden space 211456K, 99% used [0x0000000795580000,0x00000007a23ff3f0,0x00000007a2400000)
  from space 1024K, 71% used [0x00000007a2d00000,0x00000007a2db8000,0x00000007a2e00000)
  to   space 28672K, 0% used [0x00000007a4000000,0x00000007a4000000,0x00000007a5c00000)
 ParOldGen       total 87552K, used 61160K [0x0000000740000000, 0x0000000745580000, 0x0000000795580000)
  object space 87552K, 69% used [0x0000000740000000,0x0000000743bba368,0x0000000745580000)
 Metaspace       used 19338K, capacity 19578K, committed 19840K, reserved 1067008K
  class space    used 1794K, capacity 1872K, committed 1920K, reserved 1048576K
Event: 84.591 GC heap after
Heap after GC invocations=14 (full 0):
 PSYoungGen      total 221696K, used 704K [0x0000000795580000, 0x00000007a5280000, 0x00000007c0000000)
  eden space 202752K, 0% used [0x0000000795580000,0x0000000795580000,0x00000007a1b80000)
  from space 18944K, 3% used [0x00000007a4000000,0x00000007a40b0000,0x00000007a5280000)
  to   space 28160K, 0% used [0x00000007a1b80000,0x00000007a1b80000,0x00000007a3700000)
 ParOldGen       total 87552K, used 61232K [0x0000000740000000, 0x0000000745580000, 0x0000000795580000)
  object space 87552K, 69% used [0x0000000740000000,0x0000000743bcc368,0x0000000745580000)
 Metaspace       used 19338K, capacity 19578K, committed 19840K, reserved 1067008K
  class space    used 1794K, capacity 1872K, committed 1920K, reserved 1048576K
}

